app/proguard-rules.pro
# Add project specific ProGuard rules here.
# You can control the set of applied configuration files using the
# proguardFiles setting in build.gradle.kts.

# Uncomment this to preserve the line number information for
# debugging stack traces.
#-keepattributes SourceFile,LineNumberTable

# If you keep the line number information, uncomment this to
# hide the original source file name.
#-renamesourcefileattribute SourceFile

# Keep Hilt generated classes
-keep class dagger.hilt.** { *; }
-keep class javax.inject.** { *; }
-keep class * extends dagger.hilt.android.internal.managers.ViewComponentManager$FragmentContextWrapper { *; }

# Keep Room
-keep class * extends androidx.room.RoomDatabase
-dontwarn androidx.room.paging.**

# Keep Retrofit
-keepattributes Signature
-keepattributes Exceptions
-keepclasseswithmembers class * {
    @retrofit2.http.* <methods>;
}
-keepattributes RuntimeVisibleAnnotations
-keepattributes RuntimeInvisibleAnnotations
-keepattributes AnnotationDefault

# Keep Gson
-keepattributes Signature
-keepattributes *Annotation*
-dontwarn sun.misc.**
-keep class com.google.gson.** { *; }
-keep class * implements com.google.gson.TypeAdapter
-keep class * implements com.google.gson.TypeAdapterFactory
-keep class * implements com.google.gson.JsonSerializer
-keep class * implements com.google.gson.JsonDeserializer
-keepclassmembers,allowobfuscation class * {
  @com.google.gson.annotations.SerializedName <fields>;
}

# Keep ExoPlayer
-keep class com.google.android.exoplayer2.** { *; }
-dontwarn com.google.android.exoplayer2.**