app/build/outputs/mapping/release/seeds.txt
com.example.xdownloader.presentation.viewmodel.VideoPlayerViewModel
com.example.xdownloader.presentation.viewmodel.HomeViewModel
com.example.xdownloader.data.local.database.AppDatabase_Impl
com.example.xdownloader.presentation.MainActivity_GeneratedInjector
com.example.xdownloader.XDownloaderApp_GeneratedInjector
com.example.xdownloader.presentation.MainActivity
com.example.xdownloader.presentation.viewmodel.DownloadListViewModel
com.example.xdownloader.service.DownloadService_GeneratedInjector
com.example.xdownloader.XDownloaderApp
com.example.xdownloader.service.DownloadService
com.example.xdownloader.data.api.XVideoService
com.example.xdownloader.data.local.database.AppDatabase
com.example.xdownloader.data.api.dto.VideoDto: java.lang.String url
com.example.xdownloader.data.api.dto.VideoInfoResponse: com.example.xdownloader.data.api.dto.VideoDto originalVideo
com.example.xdownloader.data.api.dto.VideoDto: java.lang.Integer width
com.example.xdownloader.data.api.dto.VideoDto: java.lang.String quality
com.example.xdownloader.data.api.dto.VideoInfoResponse: java.lang.Long duration
com.example.xdownloader.data.api.dto.VideoDto: java.lang.Integer height
com.example.xdownloader.data.api.dto.VideoInfoResponse: java.lang.String text
com.example.xdownloader.data.api.dto.VideoDto: java.lang.String type
com.example.xdownloader.data.api.dto.VideoGroupDto: java.util.List videos
com.example.xdownloader.data.api.dto.VideoInfoResponse: java.util.List videoGroups
com.example.xdownloader.data.api.dto.AuthorDto: java.lang.String username
com.example.xdownloader.data.api.dto.VideoDto: java.lang.Long size
com.example.xdownloader.data.api.dto.VideoInfoResponse: com.example.xdownloader.data.api.dto.AuthorDto author
com.example.xdownloader.data.api.dto.VideoInfoResponse: java.lang.String thumbnail
com.example.xdownloader.data.api.dto.VideoGroupDto: java.lang.String thumbnail
com.example.xdownloader.data.api.dto.VideoGroupDto: java.lang.String id
com.example.xdownloader.data.api.dto.VideoInfoResponse: java.util.List videos
com.example.xdownloader.data.api.dto.AuthorDto: java.lang.String name
com.example.xdownloader.data.api.dto.VideoGroupDto: java.lang.Long duration
com.example.xdownloader.data.api.dto.VideoDto: java.lang.Long duration
com.example.xdownloader.data.api.dto.AuthorDto: java.lang.String avatar
com.example.xdownloader.data.model.DownloadStatus: com.example.xdownloader.data.model.DownloadStatus[] values()
com.example.xdownloader.data.local.database.AppDatabase: AppDatabase()
com.example.xdownloader.presentation.MainActivity: MainActivity()
com.example.xdownloader.data.api.XVideoService: java.lang.Object getVideoInfo(java.lang.String,kotlin.coroutines.Continuation)
com.example.xdownloader.presentation.viewmodel.ViewMode: com.example.xdownloader.presentation.viewmodel.ViewMode valueOf(java.lang.String)
com.example.xdownloader.service.DownloadService: DownloadService()
com.example.xdownloader.presentation.viewmodel.SortOrder: com.example.xdownloader.presentation.viewmodel.SortOrder[] values()
com.example.xdownloader.data.model.DownloadStatus: com.example.xdownloader.data.model.DownloadStatus valueOf(java.lang.String)
com.example.xdownloader.data.local.database.AppDatabase_Impl: AppDatabase_Impl()
com.example.xdownloader.presentation.viewmodel.ViewMode: com.example.xdownloader.presentation.viewmodel.ViewMode[] values()
com.example.xdownloader.presentation.viewmodel.SortOrder: com.example.xdownloader.presentation.viewmodel.SortOrder valueOf(java.lang.String)
com.example.xdownloader.XDownloaderApp: XDownloaderApp()
...
com.google.gson.GsonBuilder: com.google.gson.GsonBuilder registerTypeHierarchyAdapter(java.lang.Class,java.lang.Object)
androidx.compose.ui.platform.ComposeView: java.lang.CharSequence getAccessibilityClassName()
androidx.media3.ui.PlayerControlView: void setShowPlayButtonIfPlaybackIsSuppressed(boolean)
androidx.compose.ui.text.android.Paint29: void getTextBounds(android.graphics.Paint,java.lang.CharSequence,int,int,android.graphics.Rect)
dagger.hilt.android.internal.builders.ViewWithFragmentComponentBuilder: dagger.hilt.android.internal.builders.ViewWithFragmentComponentBuilder view(android.view.View)
androidx.compose.ui.platform.AbstractComposeView: void setPreviousAttachedWindowToken(android.os.IBinder)
com.google.gson.stream.JsonReader: java.lang.String getPath(boolean)
com.google.gson.internal.ConstructorConstructor$20: ConstructorConstructor$20(com.google.gson.internal.ConstructorConstructor,java.lang.String)
com.google.gson.internal.$Gson$Types: java.lang.reflect.Type[] getMapKeyAndValueTypes(java.lang.reflect.Type,java.lang.Class)
androidx.appcompat.widget.AppCompatAutoCompleteTextView: android.graphics.PorterDuff$Mode getSupportBackgroundTintMode()
androidx.core.graphics.drawable.DrawableCompat$Api21Impl: android.graphics.ColorFilter getColorFilter(android.graphics.drawable.Drawable)
kotlin.collections.AbstractMutableList: AbstractMutableList()
com.google.gson.reflect.TypeToken: java.lang.String toString()
androidx.compose.ui.layout.MeasuringIntrinsics$IntrinsicWidthHeight: androidx.compose.ui.layout.MeasuringIntrinsics$IntrinsicWidthHeight valueOf(java.lang.String)
androidx.vectordrawable.graphics.drawable.VectorDrawableCompat$VGroup: void setRotation(float)
androidx.media3.exoplayer.mediacodec.MediaCodecRenderer$Api31: void setLogSessionIdToMediaCodecFormat(androidx.media3.exoplayer.mediacodec.MediaCodecAdapter$Configuration,androidx.media3.exoplayer.analytics.PlayerId)
com.google.gson.internal.$Gson$Types$WildcardTypeImpl: java.lang.String toString()
dagger.hilt.processor.internal.generatesrootinput.codegen.dagger_hilt_migration_AliasOf: dagger_hilt_migration_AliasOf()
com.google.gson.internal.sql.SqlDateTypeAdapter$1: com.google.gson.TypeAdapter create(com.google.gson.Gson,com.google.gson.reflect.TypeToken)
androidx.core.content.res.ResourcesCompat$Api21Impl: android.graphics.drawable.Drawable getDrawable(android.content.res.Resources,int,android.content.res.Resources$Theme)
com.google.gson.Gson: void toJson(java.lang.Object,java.lang.Appendable)
androidx.media3.ui.PlayerControlView: void setShowShuffleButton(boolean)
androidx.appcompat.widget.Toolbar: void setNavigationOnClickListener(android.view.View$OnClickListener)
androidx.work.impl.workers.DiagnosticsWorker: DiagnosticsWorker(android.content.Context,androidx.work.WorkerParameters)
androidx.core.view.WindowInsetsCompat$Impl: androidx.core.graphics.Insets getSystemGestureInsets()
androidx.appcompat.widget.Toolbar: int getContentInsetStartWithNavigation()
androidx.core.os.BuildCompat$Api30Impl: int getExtensionVersion(int)
androidx.appcompat.widget.Toolbar: java.lang.CharSequence getLogoDescription()
androidx.core.view.ViewCompat$Api16Impl: void setBackground(android.view.View,android.graphics.drawable.Drawable)
okhttp3.Protocol: okhttp3.Protocol[] values()
androidx.appcompat.widget.AppCompatTextView: androidx.core.text.PrecomputedTextCompat$Params getTextMetricsParamsCompat()
com.google.gson.internal.Streams$AppendableWriter: java.lang.Appendable append(java.lang.CharSequence)
com.google.gson.LongSerializationPolicy: LongSerializationPolicy(java.lang.String,int,com.google.gson.LongSerializationPolicy$1)
androidx.compose.ui.window.PopupLayout: int getDisplayHeight()
com.google.gson.JsonObject: boolean isEmpty()
androidx.appcompat.widget.AppCompatTextViewAutoSizeHelper$Impl29: AppCompatTextViewAutoSizeHelper$Impl29()
com.google.gson.internal.bind.util.ISO8601Utils: java.util.Date parse(java.lang.String,java.text.ParsePosition)